<?xml version="1.0" encoding="UTF-8"?>
<coverage generated="1588360811635" clover="3.2.0">
  <project timestamp="1588360811635" name="All files">
    <metrics statements="128" coveredstatements="123" conditionals="62" coveredconditionals="55" methods="36" coveredmethods="31" elements="226" coveredelements="209" complexity="0" loc="128" ncloc="128" packages="1" files="1" classes="1"/>
    <file name="index.js" path="/Users/oussamahamdaoui/Documents/noframework.js/src/index.js">
      <metrics statements="128" coveredstatements="123" conditionals="62" coveredconditionals="55" methods="36" coveredmethods="31"/>
      <line num="12" count="2" type="cond" truecount="0" falsecount="1"/>
      <line num="21" count="1" type="cond" truecount="0" falsecount="1"/>
      <line num="22" count="17" type="stmt"/>
      <line num="23" count="17" type="stmt"/>
      <line num="24" count="2" type="stmt"/>
      <line num="26" count="17" type="stmt"/>
      <line num="32" count="23" type="cond" truecount="2" falsecount="0"/>
      <line num="33" count="6" type="cond" truecount="2" falsecount="0"/>
      <line num="43" count="1" type="stmt"/>
      <line num="44" count="15" type="stmt"/>
      <line num="45" count="15" type="stmt"/>
      <line num="46" count="23" type="cond" truecount="2" falsecount="0"/>
      <line num="47" count="3" type="stmt"/>
      <line num="48" count="22" type="cond" truecount="4" falsecount="0"/>
      <line num="49" count="19" type="cond" truecount="2" falsecount="0"/>
      <line num="51" count="3" type="cond" truecount="1" falsecount="1"/>
      <line num="54" count="15" type="stmt"/>
      <line num="55" count="15" type="stmt"/>
      <line num="56" count="15" type="stmt"/>
      <line num="57" count="15" type="stmt"/>
      <line num="58" count="6" type="stmt"/>
      <line num="59" count="6" type="stmt"/>
      <line num="60" count="6" type="cond" truecount="2" falsecount="0"/>
      <line num="61" count="6" type="cond" truecount="2" falsecount="0"/>
      <line num="62" count="2" type="stmt"/>
      <line num="63" count="2" type="cond" truecount="2" falsecount="0"/>
      <line num="64" count="1" type="stmt"/>
      <line num="66" count="1" type="stmt"/>
      <line num="70" count="4" type="stmt"/>
      <line num="73" count="15" type="stmt"/>
      <line num="83" count="1" type="stmt"/>
      <line num="84" count="1" type="stmt"/>
      <line num="85" count="2" type="stmt"/>
      <line num="96" count="4" type="stmt"/>
      <line num="108" count="0" type="stmt"/>
      <line num="118" count="5" type="cond" truecount="2" falsecount="0"/>
      <line num="119" count="5" type="cond" truecount="1" falsecount="1"/>
      <line num="120" count="5" type="cond" truecount="1" falsecount="1"/>
      <line num="122" count="5" type="stmt"/>
      <line num="130" count="2" type="stmt"/>
      <line num="131" count="2" type="stmt"/>
      <line num="132" count="2" type="stmt"/>
      <line num="143" count="9" type="cond" truecount="2" falsecount="0"/>
      <line num="144" count="9" type="cond" truecount="2" falsecount="0"/>
      <line num="145" count="9" type="cond" truecount="2" falsecount="0"/>
      <line num="147" count="9" type="stmt"/>
      <line num="148" count="1" type="stmt"/>
      <line num="150" count="9" type="stmt"/>
      <line num="151" count="5" type="stmt"/>
      <line num="153" count="9" type="stmt"/>
      <line num="154" count="0" type="stmt"/>
      <line num="156" count="9" type="stmt"/>
      <line num="157" count="0" type="stmt"/>
      <line num="162" count="1" type="stmt"/>
      <line num="163" count="9" type="stmt"/>
      <line num="164" count="9" type="cond" truecount="1" falsecount="1"/>
      <line num="165" count="0" type="stmt"/>
      <line num="168" count="9" type="stmt"/>
      <line num="169" count="36" type="stmt"/>
      <line num="170" count="36" type="stmt"/>
      <line num="171" count="36" type="stmt"/>
      <line num="173" count="9" type="stmt"/>
      <line num="182" count="1" type="stmt"/>
      <line num="183" count="3" type="stmt"/>
      <line num="184" count="6" type="cond" truecount="1" falsecount="1"/>
      <line num="185" count="3" type="stmt"/>
      <line num="186" count="9" type="stmt"/>
      <line num="187" count="9" type="cond" truecount="4" falsecount="0"/>
      <line num="188" count="6" type="stmt"/>
      <line num="189" count="6" type="stmt"/>
      <line num="190" count="6" type="stmt"/>
      <line num="192" count="9" type="stmt"/>
      <line num="203" count="1" type="stmt"/>
      <line num="204" count="13" type="stmt"/>
      <line num="205" count="13" type="stmt"/>
      <line num="206" count="13" type="stmt"/>
      <line num="207" count="13" type="cond" truecount="2" falsecount="0"/>
      <line num="208" count="1" type="stmt"/>
      <line num="210" count="12" type="stmt"/>
      <line num="211" count="12" type="stmt"/>
      <line num="212" count="12" type="stmt"/>
      <line num="213" count="12" type="stmt"/>
      <line num="215" count="12" type="stmt"/>
      <line num="216" count="55" type="cond" truecount="6" falsecount="0"/>
      <line num="218" count="3" type="stmt"/>
      <line num="219" count="3" type="stmt"/>
      <line num="221" count="5" type="stmt"/>
      <line num="222" count="5" type="stmt"/>
      <line num="224" count="2" type="stmt"/>
      <line num="225" count="2" type="stmt"/>
      <line num="227" count="6" type="stmt"/>
      <line num="228" count="6" type="stmt"/>
      <line num="230" count="6" type="stmt"/>
      <line num="231" count="6" type="stmt"/>
      <line num="234" count="33" type="stmt"/>
      <line num="236" count="22" type="cond" truecount="2" falsecount="0"/>
      <line num="237" count="9" type="stmt"/>
      <line num="239" count="22" type="stmt"/>
      <line num="240" count="22" type="stmt"/>
      <line num="242" count="12" type="cond" truecount="2" falsecount="0"/>
      <line num="267" count="1" type="stmt"/>
      <line num="268" count="1" type="stmt"/>
      <line num="269" count="1" type="stmt"/>
      <line num="270" count="1" type="stmt"/>
      <line num="271" count="1" type="stmt"/>
      <line num="272" count="2" type="stmt"/>
      <line num="273" count="2" type="stmt"/>
      <line num="275" count="1" type="stmt"/>
      <line num="276" count="0" type="stmt"/>
      <line num="288" count="2" type="stmt"/>
      <line num="297" count="4" type="stmt"/>
      <line num="301" count="2" type="stmt"/>
      <line num="305" count="2" type="stmt"/>
      <line num="306" count="2" type="stmt"/>
      <line num="307" count="4" type="cond" truecount="2" falsecount="0"/>
      <line num="308" count="1" type="stmt"/>
      <line num="309" count="1" type="stmt"/>
      <line num="310" count="1" type="stmt"/>
      <line num="311" count="1" type="stmt"/>
      <line num="314" count="2" type="cond" truecount="2" falsecount="0"/>
      <line num="315" count="1" type="stmt"/>
      <line num="316" count="1" type="stmt"/>
      <line num="317" count="1" type="stmt"/>
      <line num="318" count="1" type="stmt"/>
      <line num="319" count="1" type="stmt"/>
      <line num="328" count="1" type="stmt"/>
      <line num="329" count="1" type="stmt"/>
      <line num="334" count="1" type="stmt"/>
    </file>
  </project>
</coverage>
