<?xml version="1.0" encoding="UTF-8"?>
<coverage generated="1588348669845" clover="3.2.0">
  <project timestamp="1588348669845" name="All files">
    <metrics statements="130" coveredstatements="70" conditionals="62" coveredconditionals="33" methods="36" coveredmethods="21" elements="228" coveredelements="124" complexity="0" loc="130" ncloc="130" packages="1" files="1" classes="1"/>
    <file name="index.js" path="/Users/oussamahamdaoui/Documents/noframework.js/src/index.js">
      <metrics statements="130" coveredstatements="70" conditionals="62" coveredconditionals="33" methods="36" coveredmethods="21"/>
      <line num="12" count="2" type="cond" truecount="0" falsecount="1"/>
      <line num="21" count="1" type="cond" truecount="0" falsecount="1"/>
      <line num="22" count="12" type="stmt"/>
      <line num="23" count="12" type="stmt"/>
      <line num="24" count="2" type="stmt"/>
      <line num="26" count="12" type="stmt"/>
      <line num="32" count="16" type="cond" truecount="2" falsecount="0"/>
      <line num="33" count="6" type="cond" truecount="2" falsecount="0"/>
      <line num="43" count="1" type="stmt"/>
      <line num="44" count="10" type="stmt"/>
      <line num="45" count="10" type="stmt"/>
      <line num="46" count="16" type="cond" truecount="2" falsecount="0"/>
      <line num="47" count="3" type="stmt"/>
      <line num="48" count="15" type="cond" truecount="4" falsecount="0"/>
      <line num="49" count="14" type="cond" truecount="2" falsecount="0"/>
      <line num="51" count="1" type="cond" truecount="1" falsecount="1"/>
      <line num="54" count="10" type="stmt"/>
      <line num="55" count="10" type="stmt"/>
      <line num="56" count="10" type="stmt"/>
      <line num="57" count="10" type="stmt"/>
      <line num="58" count="10" type="stmt"/>
      <line num="59" count="10" type="stmt"/>
      <line num="60" count="4" type="stmt"/>
      <line num="61" count="4" type="stmt"/>
      <line num="62" count="4" type="cond" truecount="2" falsecount="0"/>
      <line num="63" count="4" type="cond" truecount="2" falsecount="0"/>
      <line num="64" count="1" type="stmt"/>
      <line num="65" count="1" type="cond" truecount="1" falsecount="1"/>
      <line num="66" count="1" type="stmt"/>
      <line num="68" count="0" type="stmt"/>
      <line num="72" count="3" type="stmt"/>
      <line num="75" count="10" type="stmt"/>
      <line num="85" count="1" type="stmt"/>
      <line num="86" count="1" type="stmt"/>
      <line num="87" count="2" type="stmt"/>
      <line num="98" count="2" type="stmt"/>
      <line num="110" count="0" type="stmt"/>
      <line num="120" count="2" type="cond" truecount="1" falsecount="1"/>
      <line num="121" count="2" type="cond" truecount="1" falsecount="1"/>
      <line num="122" count="2" type="cond" truecount="1" falsecount="1"/>
      <line num="124" count="2" type="stmt"/>
      <line num="132" count="1" type="stmt"/>
      <line num="133" count="1" type="stmt"/>
      <line num="134" count="1" type="stmt"/>
      <line num="145" count="3" type="cond" truecount="2" falsecount="0"/>
      <line num="146" count="3" type="cond" truecount="2" falsecount="0"/>
      <line num="147" count="3" type="cond" truecount="2" falsecount="0"/>
      <line num="149" count="3" type="stmt"/>
      <line num="150" count="0" type="stmt"/>
      <line num="152" count="3" type="stmt"/>
      <line num="153" count="2" type="stmt"/>
      <line num="155" count="3" type="stmt"/>
      <line num="156" count="0" type="stmt"/>
      <line num="158" count="3" type="stmt"/>
      <line num="159" count="0" type="stmt"/>
      <line num="164" count="1" type="stmt"/>
      <line num="165" count="9" type="stmt"/>
      <line num="166" count="9" type="cond" truecount="1" falsecount="1"/>
      <line num="167" count="0" type="stmt"/>
      <line num="170" count="9" type="stmt"/>
      <line num="171" count="36" type="stmt"/>
      <line num="172" count="36" type="stmt"/>
      <line num="173" count="36" type="stmt"/>
      <line num="175" count="9" type="stmt"/>
      <line num="184" count="1" type="stmt"/>
      <line num="185" count="3" type="stmt"/>
      <line num="186" count="6" type="cond" truecount="1" falsecount="1"/>
      <line num="187" count="3" type="stmt"/>
      <line num="188" count="9" type="stmt"/>
      <line num="189" count="9" type="cond" truecount="4" falsecount="0"/>
      <line num="190" count="6" type="stmt"/>
      <line num="191" count="6" type="stmt"/>
      <line num="192" count="6" type="stmt"/>
      <line num="194" count="9" type="stmt"/>
      <line num="205" count="1" type="stmt"/>
      <line num="206" count="0" type="stmt"/>
      <line num="207" count="0" type="stmt"/>
      <line num="208" count="0" type="stmt"/>
      <line num="209" count="0" type="cond" truecount="0" falsecount="2"/>
      <line num="210" count="0" type="stmt"/>
      <line num="212" count="0" type="stmt"/>
      <line num="213" count="0" type="stmt"/>
      <line num="214" count="0" type="stmt"/>
      <line num="215" count="0" type="stmt"/>
      <line num="217" count="0" type="stmt"/>
      <line num="218" count="0" type="cond" truecount="0" falsecount="6"/>
      <line num="220" count="0" type="stmt"/>
      <line num="221" count="0" type="stmt"/>
      <line num="223" count="0" type="stmt"/>
      <line num="224" count="0" type="stmt"/>
      <line num="226" count="0" type="stmt"/>
      <line num="227" count="0" type="stmt"/>
      <line num="229" count="0" type="stmt"/>
      <line num="230" count="0" type="stmt"/>
      <line num="232" count="0" type="stmt"/>
      <line num="233" count="0" type="stmt"/>
      <line num="236" count="0" type="stmt"/>
      <line num="238" count="0" type="cond" truecount="0" falsecount="2"/>
      <line num="239" count="0" type="stmt"/>
      <line num="241" count="0" type="stmt"/>
      <line num="242" count="0" type="stmt"/>
      <line num="244" count="0" type="cond" truecount="0" falsecount="2"/>
      <line num="269" count="0" type="stmt"/>
      <line num="270" count="0" type="stmt"/>
      <line num="271" count="0" type="stmt"/>
      <line num="272" count="0" type="stmt"/>
      <line num="273" count="0" type="stmt"/>
      <line num="274" count="0" type="stmt"/>
      <line num="275" count="0" type="stmt"/>
      <line num="277" count="0" type="stmt"/>
      <line num="278" count="0" type="stmt"/>
      <line num="290" count="0" type="stmt"/>
      <line num="299" count="0" type="stmt"/>
      <line num="303" count="0" type="stmt"/>
      <line num="307" count="0" type="stmt"/>
      <line num="308" count="0" type="stmt"/>
      <line num="309" count="0" type="cond" truecount="0" falsecount="2"/>
      <line num="310" count="0" type="stmt"/>
      <line num="311" count="0" type="stmt"/>
      <line num="312" count="0" type="stmt"/>
      <line num="313" count="0" type="stmt"/>
      <line num="316" count="0" type="cond" truecount="0" falsecount="2"/>
      <line num="317" count="0" type="stmt"/>
      <line num="318" count="0" type="stmt"/>
      <line num="319" count="0" type="stmt"/>
      <line num="320" count="0" type="stmt"/>
      <line num="321" count="0" type="stmt"/>
      <line num="330" count="0" type="stmt"/>
      <line num="331" count="0" type="stmt"/>
      <line num="336" count="1" type="stmt"/>
    </file>
  </project>
</coverage>
