{"/Users/oussamahamdaoui/Documents/noframework.js/src/index.js": {"path":"/Users/oussamahamdaoui/Documents/noframework.js/src/index.js","statementMap":{"0":{"start":{"line":12,"column":10},"end":{"line":12,"column":75}},"1":{"start":{"line":12,"column":44},"end":{"line":12,"column":75}},"2":{"start":{"line":21,"column":11},"end":{"line":27,"column":1}},"3":{"start":{"line":22,"column":14},"end":{"line":22,"column":60}},"4":{"start":{"line":23,"column":2},"end":{"line":25,"column":4}},"5":{"start":{"line":24,"column":4},"end":{"line":24,"column":52}},"6":{"start":{"line":24,"column":21},"end":{"line":24,"column":50}},"7":{"start":{"line":26,"column":2},"end":{"line":26,"column":13}},"8":{"start":{"line":32,"column":17},"end":{"line":33,"column":71}},"9":{"start":{"line":32,"column":24},"end":{"line":33,"column":71}},"10":{"start":{"line":33,"column":34},"end":{"line":33,"column":64}},"11":{"start":{"line":44,"column":13},"end":{"line":75,"column":1}},"12":{"start":{"line":45,"column":11},"end":{"line":45,"column":13}},"13":{"start":{"line":46,"column":2},"end":{"line":54,"column":5}},"14":{"start":{"line":47,"column":4},"end":{"line":53,"column":5}},"15":{"start":{"line":48,"column":6},"end":{"line":48,"column":139}},"16":{"start":{"line":48,"column":51},"end":{"line":48,"column":128}},"17":{"start":{"line":49,"column":11},"end":{"line":53,"column":5}},"18":{"start":{"line":50,"column":6},"end":{"line":50,"column":64}},"19":{"start":{"line":52,"column":6},"end":{"line":52,"column":110}},"20":{"start":{"line":55,"column":19},"end":{"line":55,"column":53}},"21":{"start":{"line":56,"column":2},"end":{"line":56,"column":33}},"22":{"start":{"line":57,"column":14},"end":{"line":57,"column":41}},"23":{"start":{"line":58,"column":2},"end":{"line":73,"column":5}},"24":{"start":{"line":59,"column":15},"end":{"line":59,"column":54}},"25":{"start":{"line":60,"column":18},"end":{"line":60,"column":56}},"26":{"start":{"line":61,"column":19},"end":{"line":61,"column":81}},"27":{"start":{"line":62,"column":4},"end":{"line":72,"column":5}},"28":{"start":{"line":63,"column":6},"end":{"line":69,"column":9}},"29":{"start":{"line":64,"column":8},"end":{"line":68,"column":9}},"30":{"start":{"line":65,"column":10},"end":{"line":65,"column":48}},"31":{"start":{"line":67,"column":10},"end":{"line":67,"column":73}},"32":{"start":{"line":71,"column":6},"end":{"line":71,"column":46}},"33":{"start":{"line":74,"column":2},"end":{"line":74,"column":13}},"34":{"start":{"line":84,"column":21},"end":{"line":88,"column":1}},"35":{"start":{"line":85,"column":2},"end":{"line":87,"column":3}},"36":{"start":{"line":86,"column":4},"end":{"line":86,"column":44}},"37":{"start":{"line":97,"column":4},"end":{"line":99,"column":6}},"38":{"start":{"line":109,"column":4},"end":{"line":109,"column":80}},"39":{"start":{"line":109,"column":64},"end":{"line":109,"column":78}},"40":{"start":{"line":119,"column":4},"end":{"line":119,"column":82}},"41":{"start":{"line":120,"column":4},"end":{"line":120,"column":118}},"42":{"start":{"line":121,"column":4},"end":{"line":121,"column":115}},"43":{"start":{"line":123,"column":4},"end":{"line":123,"column":42}},"44":{"start":{"line":131,"column":4},"end":{"line":131,"column":46}},"45":{"start":{"line":132,"column":4},"end":{"line":132,"column":45}},"46":{"start":{"line":133,"column":4},"end":{"line":133,"column":34}},"47":{"start":{"line":144,"column":4},"end":{"line":144,"column":82}},"48":{"start":{"line":145,"column":4},"end":{"line":145,"column":118}},"49":{"start":{"line":146,"column":4},"end":{"line":146,"column":115}},"50":{"start":{"line":148,"column":4},"end":{"line":150,"column":7}},"51":{"start":{"line":149,"column":6},"end":{"line":149,"column":26}},"52":{"start":{"line":151,"column":4},"end":{"line":153,"column":7}},"53":{"start":{"line":152,"column":6},"end":{"line":152,"column":26}},"54":{"start":{"line":154,"column":4},"end":{"line":156,"column":7}},"55":{"start":{"line":155,"column":6},"end":{"line":155,"column":26}},"56":{"start":{"line":157,"column":4},"end":{"line":159,"column":7}},"57":{"start":{"line":158,"column":6},"end":{"line":158,"column":37}},"58":{"start":{"line":163,"column":14},"end":{"line":171,"column":1}},"59":{"start":{"line":164,"column":13},"end":{"line":164,"column":14}},"60":{"start":{"line":165,"column":2},"end":{"line":169,"column":3}},"61":{"start":{"line":165,"column":15},"end":{"line":165,"column":16}},"62":{"start":{"line":166,"column":17},"end":{"line":166,"column":34}},"63":{"start":{"line":167,"column":4},"end":{"line":167,"column":39}},"64":{"start":{"line":168,"column":4},"end":{"line":168,"column":17}},"65":{"start":{"line":170,"column":2},"end":{"line":170,"column":14}},"66":{"start":{"line":179,"column":14},"end":{"line":191,"column":1}},"67":{"start":{"line":180,"column":16},"end":{"line":180,"column":18}},"68":{"start":{"line":181,"column":22},"end":{"line":181,"column":82}},"69":{"start":{"line":181,"column":29},"end":{"line":181,"column":81}},"70":{"start":{"line":182,"column":2},"end":{"line":190,"column":4}},"71":{"start":{"line":183,"column":16},"end":{"line":183,"column":43}},"72":{"start":{"line":184,"column":4},"end":{"line":188,"column":5}},"73":{"start":{"line":185,"column":6},"end":{"line":185,"column":22}},"74":{"start":{"line":186,"column":6},"end":{"line":186,"column":36}},"75":{"start":{"line":187,"column":6},"end":{"line":187,"column":39}},"76":{"start":{"line":189,"column":4},"end":{"line":189,"column":27}},"77":{"start":{"line":200,"column":15},"end":{"line":240,"column":1}},"78":{"start":{"line":201,"column":18},"end":{"line":201,"column":27}},"79":{"start":{"line":202,"column":14},"end":{"line":202,"column":25}},"80":{"start":{"line":203,"column":16},"end":{"line":203,"column":33}},"81":{"start":{"line":204,"column":2},"end":{"line":206,"column":3}},"82":{"start":{"line":205,"column":4},"end":{"line":205,"column":15}},"83":{"start":{"line":207,"column":16},"end":{"line":207,"column":18}},"84":{"start":{"line":208,"column":12},"end":{"line":208,"column":14}},"85":{"start":{"line":209,"column":14},"end":{"line":209,"column":15}},"86":{"start":{"line":210,"column":18},"end":{"line":210,"column":19}},"87":{"start":{"line":212,"column":2},"end":{"line":238,"column":3}},"88":{"start":{"line":213,"column":4},"end":{"line":232,"column":5}},"89":{"start":{"line":215,"column":8},"end":{"line":215,"column":27}},"90":{"start":{"line":216,"column":8},"end":{"line":216,"column":14}},"91":{"start":{"line":218,"column":8},"end":{"line":218,"column":26}},"92":{"start":{"line":219,"column":8},"end":{"line":219,"column":14}},"93":{"start":{"line":221,"column":8},"end":{"line":221,"column":26}},"94":{"start":{"line":222,"column":8},"end":{"line":222,"column":14}},"95":{"start":{"line":224,"column":8},"end":{"line":224,"column":25}},"96":{"start":{"line":225,"column":8},"end":{"line":225,"column":14}},"97":{"start":{"line":227,"column":8},"end":{"line":227,"column":25}},"98":{"start":{"line":228,"column":8},"end":{"line":228,"column":14}},"99":{"start":{"line":231,"column":8},"end":{"line":231,"column":17}},"100":{"start":{"line":233,"column":4},"end":{"line":235,"column":5}},"101":{"start":{"line":234,"column":6},"end":{"line":234,"column":45}},"102":{"start":{"line":236,"column":4},"end":{"line":236,"column":26}},"103":{"start":{"line":237,"column":4},"end":{"line":237,"column":19}},"104":{"start":{"line":239,"column":2},"end":{"line":239,"column":75}},"105":{"start":{"line":264,"column":4},"end":{"line":264,"column":37}},"106":{"start":{"line":265,"column":4},"end":{"line":265,"column":21}},"107":{"start":{"line":266,"column":4},"end":{"line":266,"column":41}},"108":{"start":{"line":267,"column":4},"end":{"line":267,"column":37}},"109":{"start":{"line":268,"column":4},"end":{"line":271,"column":7}},"110":{"start":{"line":269,"column":6},"end":{"line":269,"column":49}},"111":{"start":{"line":270,"column":6},"end":{"line":270,"column":40}},"112":{"start":{"line":272,"column":4},"end":{"line":274,"column":7}},"113":{"start":{"line":273,"column":6},"end":{"line":273,"column":51}},"114":{"start":{"line":285,"column":4},"end":{"line":290,"column":6}},"115":{"start":{"line":294,"column":4},"end":{"line":294,"column":37}},"116":{"start":{"line":298,"column":4},"end":{"line":298,"column":25}},"117":{"start":{"line":302,"column":19},"end":{"line":302,"column":24}},"118":{"start":{"line":303,"column":4},"end":{"line":310,"column":7}},"119":{"start":{"line":304,"column":6},"end":{"line":309,"column":7}},"120":{"start":{"line":305,"column":8},"end":{"line":305,"column":67}},"121":{"start":{"line":306,"column":8},"end":{"line":306,"column":43}},"122":{"start":{"line":307,"column":8},"end":{"line":307,"column":81}},"123":{"start":{"line":308,"column":8},"end":{"line":308,"column":24}},"124":{"start":{"line":311,"column":4},"end":{"line":317,"column":5}},"125":{"start":{"line":312,"column":20},"end":{"line":312,"column":50}},"126":{"start":{"line":313,"column":6},"end":{"line":313,"column":65}},"127":{"start":{"line":314,"column":6},"end":{"line":314,"column":41}},"128":{"start":{"line":315,"column":6},"end":{"line":315,"column":79}},"129":{"start":{"line":316,"column":6},"end":{"line":316,"column":22}},"130":{"start":{"line":325,"column":4},"end":{"line":325,"column":57}},"131":{"start":{"line":326,"column":4},"end":{"line":326,"column":28}},"132":{"start":{"line":331,"column":0},"end":{"line":340,"column":2}}},"fnMap":{"0":{"name":"(anonymous_0)","decl":{"start":{"line":12,"column":10},"end":{"line":12,"column":11}},"loc":{"start":{"line":12,"column":44},"end":{"line":12,"column":75}},"line":12},"1":{"name":"(anonymous_1)","decl":{"start":{"line":21,"column":11},"end":{"line":21,"column":12}},"loc":{"start":{"line":21,"column":45},"end":{"line":27,"column":1}},"line":21},"2":{"name":"(anonymous_2)","decl":{"start":{"line":23,"column":25},"end":{"line":23,"column":26}},"loc":{"start":{"line":23,"column":40},"end":{"line":25,"column":3}},"line":23},"3":{"name":"(anonymous_3)","decl":{"start":{"line":24,"column":16},"end":{"line":24,"column":17}},"loc":{"start":{"line":24,"column":21},"end":{"line":24,"column":50}},"line":24},"4":{"name":"(anonymous_4)","decl":{"start":{"line":32,"column":17},"end":{"line":32,"column":18}},"loc":{"start":{"line":32,"column":24},"end":{"line":33,"column":71}},"line":32},"5":{"name":"(anonymous_5)","decl":{"start":{"line":33,"column":16},"end":{"line":33,"column":17}},"loc":{"start":{"line":33,"column":34},"end":{"line":33,"column":64}},"line":33},"6":{"name":"(anonymous_6)","decl":{"start":{"line":44,"column":13},"end":{"line":44,"column":14}},"loc":{"start":{"line":44,"column":45},"end":{"line":75,"column":1}},"line":44},"7":{"name":"(anonymous_7)","decl":{"start":{"line":46,"column":22},"end":{"line":46,"column":23}},"loc":{"start":{"line":46,"column":39},"end":{"line":54,"column":3}},"line":46},"8":{"name":"(anonymous_8)","decl":{"start":{"line":48,"column":41},"end":{"line":48,"column":42}},"loc":{"start":{"line":48,"column":51},"end":{"line":48,"column":128}},"line":48},"9":{"name":"(anonymous_9)","decl":{"start":{"line":58,"column":31},"end":{"line":58,"column":32}},"loc":{"start":{"line":58,"column":38},"end":{"line":73,"column":3}},"line":58},"10":{"name":"(anonymous_10)","decl":{"start":{"line":63,"column":18},"end":{"line":63,"column":19}},"loc":{"start":{"line":63,"column":28},"end":{"line":69,"column":7}},"line":63},"11":{"name":"(anonymous_11)","decl":{"start":{"line":84,"column":21},"end":{"line":84,"column":22}},"loc":{"start":{"line":84,"column":34},"end":{"line":88,"column":1}},"line":84},"12":{"name":"(anonymous_12)","decl":{"start":{"line":96,"column":2},"end":{"line":96,"column":3}},"loc":{"start":{"line":96,"column":16},"end":{"line":100,"column":3}},"line":96},"13":{"name":"(anonymous_13)","decl":{"start":{"line":108,"column":2},"end":{"line":108,"column":3}},"loc":{"start":{"line":108,"column":35},"end":{"line":110,"column":3}},"line":108},"14":{"name":"(anonymous_14)","decl":{"start":{"line":109,"column":59},"end":{"line":109,"column":60}},"loc":{"start":{"line":109,"column":64},"end":{"line":109,"column":78}},"line":109},"15":{"name":"(anonymous_15)","decl":{"start":{"line":118,"column":2},"end":{"line":118,"column":3}},"loc":{"start":{"line":118,"column":33},"end":{"line":124,"column":3}},"line":118},"16":{"name":"(anonymous_16)","decl":{"start":{"line":130,"column":2},"end":{"line":130,"column":3}},"loc":{"start":{"line":130,"column":24},"end":{"line":134,"column":3}},"line":130},"17":{"name":"(anonymous_17)","decl":{"start":{"line":143,"column":2},"end":{"line":143,"column":3}},"loc":{"start":{"line":143,"column":29},"end":{"line":160,"column":3}},"line":143},"18":{"name":"(anonymous_18)","decl":{"start":{"line":148,"column":47},"end":{"line":148,"column":48}},"loc":{"start":{"line":148,"column":61},"end":{"line":150,"column":5}},"line":148},"19":{"name":"(anonymous_19)","decl":{"start":{"line":151,"column":35},"end":{"line":151,"column":36}},"loc":{"start":{"line":151,"column":49},"end":{"line":153,"column":5}},"line":151},"20":{"name":"(anonymous_20)","decl":{"start":{"line":154,"column":46},"end":{"line":154,"column":47}},"loc":{"start":{"line":154,"column":60},"end":{"line":156,"column":5}},"line":154},"21":{"name":"(anonymous_21)","decl":{"start":{"line":157,"column":29},"end":{"line":157,"column":30}},"loc":{"start":{"line":157,"column":43},"end":{"line":159,"column":5}},"line":157},"22":{"name":"(anonymous_22)","decl":{"start":{"line":163,"column":14},"end":{"line":163,"column":15}},"loc":{"start":{"line":163,"column":23},"end":{"line":171,"column":1}},"line":163},"23":{"name":"(anonymous_23)","decl":{"start":{"line":179,"column":14},"end":{"line":179,"column":15}},"loc":{"start":{"line":179,"column":35},"end":{"line":191,"column":1}},"line":179},"24":{"name":"(anonymous_24)","decl":{"start":{"line":181,"column":22},"end":{"line":181,"column":23}},"loc":{"start":{"line":181,"column":29},"end":{"line":181,"column":81}},"line":181},"25":{"name":"(anonymous_25)","decl":{"start":{"line":182,"column":9},"end":{"line":182,"column":10}},"loc":{"start":{"line":182,"column":22},"end":{"line":190,"column":3}},"line":182},"26":{"name":"(anonymous_26)","decl":{"start":{"line":200,"column":15},"end":{"line":200,"column":16}},"loc":{"start":{"line":200,"column":27},"end":{"line":240,"column":1}},"line":200},"27":{"name":"(anonymous_27)","decl":{"start":{"line":263,"column":2},"end":{"line":263,"column":3}},"loc":{"start":{"line":263,"column":42},"end":{"line":275,"column":3}},"line":263},"28":{"name":"(anonymous_28)","decl":{"start":{"line":268,"column":43},"end":{"line":268,"column":44}},"loc":{"start":{"line":268,"column":65},"end":{"line":271,"column":5}},"line":268},"29":{"name":"(anonymous_29)","decl":{"start":{"line":272,"column":40},"end":{"line":272,"column":41}},"loc":{"start":{"line":272,"column":55},"end":{"line":274,"column":5}},"line":272},"30":{"name":"(anonymous_30)","decl":{"start":{"line":284,"column":2},"end":{"line":284,"column":3}},"loc":{"start":{"line":284,"column":63},"end":{"line":291,"column":3}},"line":284},"31":{"name":"(anonymous_31)","decl":{"start":{"line":293,"column":2},"end":{"line":293,"column":3}},"loc":{"start":{"line":293,"column":47},"end":{"line":295,"column":3}},"line":293},"32":{"name":"(anonymous_32)","decl":{"start":{"line":297,"column":2},"end":{"line":297,"column":3}},"loc":{"start":{"line":297,"column":44},"end":{"line":299,"column":3}},"line":297},"33":{"name":"(anonymous_33)","decl":{"start":{"line":301,"column":2},"end":{"line":301,"column":3}},"loc":{"start":{"line":301,"column":17},"end":{"line":318,"column":3}},"line":301},"34":{"name":"(anonymous_34)","decl":{"start":{"line":303,"column":39},"end":{"line":303,"column":40}},"loc":{"start":{"line":303,"column":50},"end":{"line":310,"column":5}},"line":303},"35":{"name":"(anonymous_35)","decl":{"start":{"line":324,"column":2},"end":{"line":324,"column":3}},"loc":{"start":{"line":324,"column":9},"end":{"line":327,"column":3}},"line":324}},"branchMap":{"0":{"loc":{"start":{"line":12,"column":21},"end":{"line":12,"column":39}},"type":"default-arg","locations":[{"start":{"line":12,"column":31},"end":{"line":12,"column":39}}],"line":12},"1":{"loc":{"start":{"line":21,"column":22},"end":{"line":21,"column":40}},"type":"default-arg","locations":[{"start":{"line":21,"column":32},"end":{"line":21,"column":40}}],"line":21},"2":{"loc":{"start":{"line":32,"column":24},"end":{"line":33,"column":71}},"type":"binary-expr","locations":[{"start":{"line":32,"column":24},"end":{"line":32,"column":42}},{"start":{"line":33,"column":5},"end":{"line":33,"column":71}}],"line":32},"3":{"loc":{"start":{"line":33,"column":34},"end":{"line":33,"column":64}},"type":"binary-expr","locations":[{"start":{"line":33,"column":34},"end":{"line":33,"column":37}},{"start":{"line":33,"column":41},"end":{"line":33,"column":64}}],"line":33},"4":{"loc":{"start":{"line":47,"column":4},"end":{"line":53,"column":5}},"type":"if","locations":[{"start":{"line":47,"column":4},"end":{"line":53,"column":5}},{"start":{"line":47,"column":4},"end":{"line":53,"column":5}}],"line":47},"5":{"loc":{"start":{"line":49,"column":11},"end":{"line":53,"column":5}},"type":"if","locations":[{"start":{"line":49,"column":11},"end":{"line":53,"column":5}},{"start":{"line":49,"column":11},"end":{"line":53,"column":5}}],"line":49},"6":{"loc":{"start":{"line":49,"column":15},"end":{"line":49,"column":94}},"type":"binary-expr","locations":[{"start":{"line":49,"column":15},"end":{"line":49,"column":51}},{"start":{"line":49,"column":55},"end":{"line":49,"column":94}}],"line":49},"7":{"loc":{"start":{"line":50,"column":12},"end":{"line":50,"column":63}},"type":"cond-expr","locations":[{"start":{"line":50,"column":32},"end":{"line":50,"column":56}},{"start":{"line":50,"column":59},"end":{"line":50,"column":63}}],"line":50},"8":{"loc":{"start":{"line":52,"column":12},"end":{"line":52,"column":109}},"type":"cond-expr","locations":[{"start":{"line":52,"column":32},"end":{"line":52,"column":102}},{"start":{"line":52,"column":105},"end":{"line":52,"column":109}}],"line":52},"9":{"loc":{"start":{"line":61,"column":19},"end":{"line":61,"column":81}},"type":"cond-expr","locations":[{"start":{"line":61,"column":43},"end":{"line":61,"column":64}},{"start":{"line":61,"column":67},"end":{"line":61,"column":81}}],"line":61},"10":{"loc":{"start":{"line":62,"column":4},"end":{"line":72,"column":5}},"type":"if","locations":[{"start":{"line":62,"column":4},"end":{"line":72,"column":5}},{"start":{"line":62,"column":4},"end":{"line":72,"column":5}}],"line":62},"11":{"loc":{"start":{"line":64,"column":8},"end":{"line":68,"column":9}},"type":"if","locations":[{"start":{"line":64,"column":8},"end":{"line":68,"column":9}},{"start":{"line":64,"column":8},"end":{"line":68,"column":9}}],"line":64},"12":{"loc":{"start":{"line":119,"column":29},"end":{"line":119,"column":81}},"type":"cond-expr","locations":[{"start":{"line":119,"column":54},"end":{"line":119,"column":76}},{"start":{"line":119,"column":79},"end":{"line":119,"column":81}}],"line":119},"13":{"loc":{"start":{"line":120,"column":41},"end":{"line":120,"column":117}},"type":"cond-expr","locations":[{"start":{"line":120,"column":78},"end":{"line":120,"column":112}},{"start":{"line":120,"column":115},"end":{"line":120,"column":117}}],"line":120},"14":{"loc":{"start":{"line":121,"column":40},"end":{"line":121,"column":114}},"type":"cond-expr","locations":[{"start":{"line":121,"column":76},"end":{"line":121,"column":109}},{"start":{"line":121,"column":112},"end":{"line":121,"column":114}}],"line":121},"15":{"loc":{"start":{"line":144,"column":29},"end":{"line":144,"column":81}},"type":"cond-expr","locations":[{"start":{"line":144,"column":54},"end":{"line":144,"column":76}},{"start":{"line":144,"column":79},"end":{"line":144,"column":81}}],"line":144},"16":{"loc":{"start":{"line":145,"column":41},"end":{"line":145,"column":117}},"type":"cond-expr","locations":[{"start":{"line":145,"column":78},"end":{"line":145,"column":112}},{"start":{"line":145,"column":115},"end":{"line":145,"column":117}}],"line":145},"17":{"loc":{"start":{"line":146,"column":40},"end":{"line":146,"column":114}},"type":"cond-expr","locations":[{"start":{"line":146,"column":76},"end":{"line":146,"column":109}},{"start":{"line":146,"column":112},"end":{"line":146,"column":114}}],"line":146},"18":{"loc":{"start":{"line":181,"column":29},"end":{"line":181,"column":81}},"type":"cond-expr","locations":[{"start":{"line":181,"column":43},"end":{"line":181,"column":73}},{"start":{"line":181,"column":76},"end":{"line":181,"column":81}}],"line":181},"19":{"loc":{"start":{"line":184,"column":4},"end":{"line":188,"column":5}},"type":"if","locations":[{"start":{"line":184,"column":4},"end":{"line":188,"column":5}},{"start":{"line":184,"column":4},"end":{"line":188,"column":5}}],"line":184},"20":{"loc":{"start":{"line":184,"column":8},"end":{"line":184,"column":55}},"type":"binary-expr","locations":[{"start":{"line":184,"column":8},"end":{"line":184,"column":19}},{"start":{"line":184,"column":23},"end":{"line":184,"column":55}}],"line":184},"21":{"loc":{"start":{"line":204,"column":2},"end":{"line":206,"column":3}},"type":"if","locations":[{"start":{"line":204,"column":2},"end":{"line":206,"column":3}},{"start":{"line":204,"column":2},"end":{"line":206,"column":3}}],"line":204},"22":{"loc":{"start":{"line":213,"column":4},"end":{"line":232,"column":5}},"type":"switch","locations":[{"start":{"line":214,"column":6},"end":{"line":216,"column":14}},{"start":{"line":217,"column":6},"end":{"line":219,"column":14}},{"start":{"line":220,"column":6},"end":{"line":222,"column":14}},{"start":{"line":223,"column":6},"end":{"line":225,"column":14}},{"start":{"line":226,"column":6},"end":{"line":228,"column":14}},{"start":{"line":229,"column":6},"end":{"line":231,"column":17}}],"line":213},"23":{"loc":{"start":{"line":233,"column":4},"end":{"line":235,"column":5}},"type":"if","locations":[{"start":{"line":233,"column":4},"end":{"line":235,"column":5}},{"start":{"line":233,"column":4},"end":{"line":235,"column":5}}],"line":233},"24":{"loc":{"start":{"line":239,"column":9},"end":{"line":239,"column":74}},"type":"cond-expr","locations":[{"start":{"line":239,"column":31},"end":{"line":239,"column":68}},{"start":{"line":239,"column":71},"end":{"line":239,"column":74}}],"line":239},"25":{"loc":{"start":{"line":288,"column":23},"end":{"line":288,"column":71}},"type":"binary-expr","locations":[{"start":{"line":288,"column":23},"end":{"line":288,"column":38}},{"start":{"line":288,"column":42},"end":{"line":288,"column":71}}],"line":288},"26":{"loc":{"start":{"line":289,"column":25},"end":{"line":289,"column":77}},"type":"binary-expr","locations":[{"start":{"line":289,"column":25},"end":{"line":289,"column":42}},{"start":{"line":289,"column":46},"end":{"line":289,"column":77}}],"line":289},"27":{"loc":{"start":{"line":304,"column":6},"end":{"line":309,"column":7}},"type":"if","locations":[{"start":{"line":304,"column":6},"end":{"line":309,"column":7}},{"start":{"line":304,"column":6},"end":{"line":309,"column":7}}],"line":304},"28":{"loc":{"start":{"line":311,"column":4},"end":{"line":317,"column":5}},"type":"if","locations":[{"start":{"line":311,"column":4},"end":{"line":317,"column":5}},{"start":{"line":311,"column":4},"end":{"line":317,"column":5}}],"line":311}},"s":{"0":1,"1":3,"2":1,"3":19,"4":19,"5":1,"6":2,"7":19,"8":1,"9":23,"10":6,"11":1,"12":15,"13":15,"14":23,"15":1,"16":3,"17":22,"18":19,"19":3,"20":15,"21":15,"22":15,"23":15,"24":6,"25":6,"26":6,"27":6,"28":2,"29":2,"30":1,"31":1,"32":4,"33":15,"34":1,"35":1,"36":2,"37":8,"38":1,"39":1,"40":13,"41":13,"42":13,"43":13,"44":3,"45":3,"46":3,"47":16,"48":16,"49":16,"50":16,"51":1,"52":16,"53":11,"54":16,"55":1,"56":16,"57":2,"58":1,"59":12,"60":12,"61":12,"62":42,"63":42,"64":42,"65":12,"66":1,"67":4,"68":4,"69":8,"70":4,"71":12,"72":12,"73":8,"74":8,"75":8,"76":12,"77":1,"78":13,"79":13,"80":13,"81":13,"82":1,"83":12,"84":12,"85":12,"86":12,"87":12,"88":55,"89":3,"90":3,"91":5,"92":5,"93":2,"94":2,"95":6,"96":6,"97":6,"98":6,"99":33,"100":22,"101":9,"102":22,"103":22,"104":12,"105":1,"106":1,"107":1,"108":1,"109":1,"110":2,"111":2,"112":1,"113":0,"114":2,"115":4,"116":2,"117":2,"118":2,"119":4,"120":1,"121":1,"122":1,"123":1,"124":2,"125":1,"126":1,"127":1,"128":1,"129":1,"130":1,"131":1,"132":1},"f":{"0":3,"1":19,"2":1,"3":2,"4":23,"5":6,"6":15,"7":23,"8":3,"9":6,"10":2,"11":1,"12":8,"13":1,"14":1,"15":13,"16":3,"17":16,"18":1,"19":11,"20":1,"21":2,"22":12,"23":4,"24":8,"25":12,"26":13,"27":1,"28":2,"29":0,"30":2,"31":4,"32":2,"33":2,"34":4,"35":1},"b":{"0":[1],"1":[2],"2":[23,2],"3":[6,4],"4":[1,22],"5":[19,3],"6":[22,21],"7":[4,15],"8":[3,0],"9":[3,3],"10":[2,4],"11":[1,1],"12":[4,9],"13":[1,12],"14":[1,12],"15":[12,4],"16":[12,4],"17":[12,4],"18":[8,0],"19":[8,4],"20":[12,8],"21":[1,12],"22":[3,5,2,6,6,33],"23":[9,13],"24":[3,9],"25":[2,2],"26":[2,2],"27":[1,3],"28":[1,1]},"_coverageSchema":"43e27e138ebf9cfc5966b082cf9a028302ed4184","hash":"d4dfb50ca9f62d65c5160fc1b88a233dbc81d9fd"}
}
