{"/Users/oussamahamdaoui/Documents/noframework.js/src/index.js": {"path":"/Users/oussamahamdaoui/Documents/noframework.js/src/index.js","statementMap":{"0":{"start":{"line":12,"column":10},"end":{"line":12,"column":75}},"1":{"start":{"line":12,"column":44},"end":{"line":12,"column":75}},"2":{"start":{"line":21,"column":11},"end":{"line":27,"column":1}},"3":{"start":{"line":22,"column":14},"end":{"line":22,"column":60}},"4":{"start":{"line":23,"column":2},"end":{"line":25,"column":4}},"5":{"start":{"line":24,"column":4},"end":{"line":24,"column":52}},"6":{"start":{"line":24,"column":21},"end":{"line":24,"column":50}},"7":{"start":{"line":26,"column":2},"end":{"line":26,"column":13}},"8":{"start":{"line":32,"column":17},"end":{"line":33,"column":71}},"9":{"start":{"line":32,"column":24},"end":{"line":33,"column":71}},"10":{"start":{"line":33,"column":34},"end":{"line":33,"column":64}},"11":{"start":{"line":43,"column":13},"end":{"line":76,"column":1}},"12":{"start":{"line":44,"column":11},"end":{"line":44,"column":13}},"13":{"start":{"line":45,"column":2},"end":{"line":53,"column":5}},"14":{"start":{"line":46,"column":4},"end":{"line":52,"column":5}},"15":{"start":{"line":47,"column":6},"end":{"line":47,"column":113}},"16":{"start":{"line":47,"column":46},"end":{"line":47,"column":102}},"17":{"start":{"line":48,"column":11},"end":{"line":52,"column":5}},"18":{"start":{"line":49,"column":6},"end":{"line":49,"column":54}},"19":{"start":{"line":51,"column":6},"end":{"line":51,"column":84}},"20":{"start":{"line":54,"column":19},"end":{"line":54,"column":53}},"21":{"start":{"line":55,"column":2},"end":{"line":55,"column":33}},"22":{"start":{"line":56,"column":14},"end":{"line":56,"column":41}},"23":{"start":{"line":57,"column":2},"end":{"line":57,"column":19}},"24":{"start":{"line":58,"column":2},"end":{"line":58,"column":18}},"25":{"start":{"line":59,"column":2},"end":{"line":74,"column":5}},"26":{"start":{"line":60,"column":15},"end":{"line":60,"column":54}},"27":{"start":{"line":61,"column":18},"end":{"line":61,"column":56}},"28":{"start":{"line":62,"column":19},"end":{"line":62,"column":66}},"29":{"start":{"line":63,"column":4},"end":{"line":73,"column":5}},"30":{"start":{"line":64,"column":6},"end":{"line":70,"column":9}},"31":{"start":{"line":65,"column":8},"end":{"line":69,"column":9}},"32":{"start":{"line":66,"column":10},"end":{"line":66,"column":48}},"33":{"start":{"line":68,"column":10},"end":{"line":68,"column":73}},"34":{"start":{"line":72,"column":6},"end":{"line":72,"column":46}},"35":{"start":{"line":75,"column":2},"end":{"line":75,"column":13}},"36":{"start":{"line":85,"column":21},"end":{"line":89,"column":1}},"37":{"start":{"line":86,"column":2},"end":{"line":88,"column":3}},"38":{"start":{"line":87,"column":4},"end":{"line":87,"column":44}},"39":{"start":{"line":98,"column":4},"end":{"line":100,"column":6}},"40":{"start":{"line":110,"column":4},"end":{"line":110,"column":80}},"41":{"start":{"line":110,"column":64},"end":{"line":110,"column":78}},"42":{"start":{"line":120,"column":4},"end":{"line":120,"column":82}},"43":{"start":{"line":121,"column":4},"end":{"line":121,"column":118}},"44":{"start":{"line":122,"column":4},"end":{"line":122,"column":115}},"45":{"start":{"line":124,"column":4},"end":{"line":124,"column":42}},"46":{"start":{"line":132,"column":4},"end":{"line":132,"column":46}},"47":{"start":{"line":133,"column":4},"end":{"line":133,"column":45}},"48":{"start":{"line":134,"column":4},"end":{"line":134,"column":34}},"49":{"start":{"line":145,"column":4},"end":{"line":145,"column":82}},"50":{"start":{"line":146,"column":4},"end":{"line":146,"column":118}},"51":{"start":{"line":147,"column":4},"end":{"line":147,"column":115}},"52":{"start":{"line":149,"column":4},"end":{"line":151,"column":7}},"53":{"start":{"line":150,"column":6},"end":{"line":150,"column":26}},"54":{"start":{"line":152,"column":4},"end":{"line":154,"column":7}},"55":{"start":{"line":153,"column":6},"end":{"line":153,"column":26}},"56":{"start":{"line":155,"column":4},"end":{"line":157,"column":7}},"57":{"start":{"line":156,"column":6},"end":{"line":156,"column":26}},"58":{"start":{"line":158,"column":4},"end":{"line":160,"column":7}},"59":{"start":{"line":159,"column":6},"end":{"line":159,"column":37}},"60":{"start":{"line":164,"column":14},"end":{"line":176,"column":1}},"61":{"start":{"line":165,"column":13},"end":{"line":165,"column":14}},"62":{"start":{"line":166,"column":2},"end":{"line":168,"column":3}},"63":{"start":{"line":167,"column":4},"end":{"line":167,"column":13}},"64":{"start":{"line":170,"column":2},"end":{"line":174,"column":3}},"65":{"start":{"line":170,"column":15},"end":{"line":170,"column":16}},"66":{"start":{"line":171,"column":17},"end":{"line":171,"column":34}},"67":{"start":{"line":172,"column":4},"end":{"line":172,"column":39}},"68":{"start":{"line":173,"column":4},"end":{"line":173,"column":17}},"69":{"start":{"line":175,"column":2},"end":{"line":175,"column":14}},"70":{"start":{"line":184,"column":14},"end":{"line":196,"column":1}},"71":{"start":{"line":185,"column":16},"end":{"line":185,"column":18}},"72":{"start":{"line":186,"column":22},"end":{"line":186,"column":81}},"73":{"start":{"line":186,"column":29},"end":{"line":186,"column":80}},"74":{"start":{"line":187,"column":2},"end":{"line":195,"column":4}},"75":{"start":{"line":188,"column":16},"end":{"line":188,"column":43}},"76":{"start":{"line":189,"column":4},"end":{"line":193,"column":5}},"77":{"start":{"line":190,"column":6},"end":{"line":190,"column":22}},"78":{"start":{"line":191,"column":6},"end":{"line":191,"column":36}},"79":{"start":{"line":192,"column":6},"end":{"line":192,"column":39}},"80":{"start":{"line":194,"column":4},"end":{"line":194,"column":27}},"81":{"start":{"line":205,"column":15},"end":{"line":245,"column":1}},"82":{"start":{"line":206,"column":18},"end":{"line":206,"column":27}},"83":{"start":{"line":207,"column":14},"end":{"line":207,"column":25}},"84":{"start":{"line":208,"column":16},"end":{"line":208,"column":33}},"85":{"start":{"line":209,"column":2},"end":{"line":211,"column":3}},"86":{"start":{"line":210,"column":4},"end":{"line":210,"column":15}},"87":{"start":{"line":212,"column":16},"end":{"line":212,"column":18}},"88":{"start":{"line":213,"column":12},"end":{"line":213,"column":14}},"89":{"start":{"line":214,"column":14},"end":{"line":214,"column":15}},"90":{"start":{"line":215,"column":18},"end":{"line":215,"column":19}},"91":{"start":{"line":217,"column":2},"end":{"line":243,"column":3}},"92":{"start":{"line":218,"column":4},"end":{"line":237,"column":5}},"93":{"start":{"line":220,"column":8},"end":{"line":220,"column":27}},"94":{"start":{"line":221,"column":8},"end":{"line":221,"column":14}},"95":{"start":{"line":223,"column":8},"end":{"line":223,"column":26}},"96":{"start":{"line":224,"column":8},"end":{"line":224,"column":14}},"97":{"start":{"line":226,"column":8},"end":{"line":226,"column":26}},"98":{"start":{"line":227,"column":8},"end":{"line":227,"column":14}},"99":{"start":{"line":229,"column":8},"end":{"line":229,"column":25}},"100":{"start":{"line":230,"column":8},"end":{"line":230,"column":14}},"101":{"start":{"line":232,"column":8},"end":{"line":232,"column":25}},"102":{"start":{"line":233,"column":8},"end":{"line":233,"column":14}},"103":{"start":{"line":236,"column":8},"end":{"line":236,"column":17}},"104":{"start":{"line":238,"column":4},"end":{"line":240,"column":5}},"105":{"start":{"line":239,"column":6},"end":{"line":239,"column":45}},"106":{"start":{"line":241,"column":4},"end":{"line":241,"column":26}},"107":{"start":{"line":242,"column":4},"end":{"line":242,"column":19}},"108":{"start":{"line":244,"column":2},"end":{"line":244,"column":75}},"109":{"start":{"line":269,"column":4},"end":{"line":269,"column":37}},"110":{"start":{"line":270,"column":4},"end":{"line":270,"column":21}},"111":{"start":{"line":271,"column":4},"end":{"line":271,"column":41}},"112":{"start":{"line":272,"column":4},"end":{"line":272,"column":37}},"113":{"start":{"line":273,"column":4},"end":{"line":276,"column":7}},"114":{"start":{"line":274,"column":6},"end":{"line":274,"column":49}},"115":{"start":{"line":275,"column":6},"end":{"line":275,"column":40}},"116":{"start":{"line":277,"column":4},"end":{"line":279,"column":7}},"117":{"start":{"line":278,"column":6},"end":{"line":278,"column":51}},"118":{"start":{"line":290,"column":4},"end":{"line":295,"column":6}},"119":{"start":{"line":299,"column":4},"end":{"line":299,"column":37}},"120":{"start":{"line":303,"column":4},"end":{"line":303,"column":25}},"121":{"start":{"line":307,"column":19},"end":{"line":307,"column":24}},"122":{"start":{"line":308,"column":4},"end":{"line":315,"column":7}},"123":{"start":{"line":309,"column":6},"end":{"line":314,"column":7}},"124":{"start":{"line":310,"column":8},"end":{"line":310,"column":67}},"125":{"start":{"line":311,"column":8},"end":{"line":311,"column":43}},"126":{"start":{"line":312,"column":8},"end":{"line":312,"column":65}},"127":{"start":{"line":313,"column":8},"end":{"line":313,"column":24}},"128":{"start":{"line":316,"column":4},"end":{"line":322,"column":5}},"129":{"start":{"line":317,"column":20},"end":{"line":317,"column":50}},"130":{"start":{"line":318,"column":6},"end":{"line":318,"column":65}},"131":{"start":{"line":319,"column":6},"end":{"line":319,"column":41}},"132":{"start":{"line":320,"column":6},"end":{"line":320,"column":63}},"133":{"start":{"line":321,"column":6},"end":{"line":321,"column":22}},"134":{"start":{"line":330,"column":4},"end":{"line":330,"column":57}},"135":{"start":{"line":331,"column":4},"end":{"line":331,"column":28}},"136":{"start":{"line":336,"column":0},"end":{"line":345,"column":2}}},"fnMap":{"0":{"name":"(anonymous_0)","decl":{"start":{"line":12,"column":10},"end":{"line":12,"column":11}},"loc":{"start":{"line":12,"column":44},"end":{"line":12,"column":75}},"line":12},"1":{"name":"(anonymous_1)","decl":{"start":{"line":21,"column":11},"end":{"line":21,"column":12}},"loc":{"start":{"line":21,"column":45},"end":{"line":27,"column":1}},"line":21},"2":{"name":"(anonymous_2)","decl":{"start":{"line":23,"column":25},"end":{"line":23,"column":26}},"loc":{"start":{"line":23,"column":40},"end":{"line":25,"column":3}},"line":23},"3":{"name":"(anonymous_3)","decl":{"start":{"line":24,"column":16},"end":{"line":24,"column":17}},"loc":{"start":{"line":24,"column":21},"end":{"line":24,"column":50}},"line":24},"4":{"name":"(anonymous_4)","decl":{"start":{"line":32,"column":17},"end":{"line":32,"column":18}},"loc":{"start":{"line":32,"column":24},"end":{"line":33,"column":71}},"line":32},"5":{"name":"(anonymous_5)","decl":{"start":{"line":33,"column":16},"end":{"line":33,"column":17}},"loc":{"start":{"line":33,"column":34},"end":{"line":33,"column":64}},"line":33},"6":{"name":"(anonymous_6)","decl":{"start":{"line":43,"column":13},"end":{"line":43,"column":14}},"loc":{"start":{"line":43,"column":33},"end":{"line":76,"column":1}},"line":43},"7":{"name":"(anonymous_7)","decl":{"start":{"line":45,"column":15},"end":{"line":45,"column":16}},"loc":{"start":{"line":45,"column":32},"end":{"line":53,"column":3}},"line":45},"8":{"name":"(anonymous_8)","decl":{"start":{"line":47,"column":36},"end":{"line":47,"column":37}},"loc":{"start":{"line":47,"column":46},"end":{"line":47,"column":102}},"line":47},"9":{"name":"(anonymous_9)","decl":{"start":{"line":59,"column":31},"end":{"line":59,"column":32}},"loc":{"start":{"line":59,"column":38},"end":{"line":74,"column":3}},"line":59},"10":{"name":"(anonymous_10)","decl":{"start":{"line":64,"column":18},"end":{"line":64,"column":19}},"loc":{"start":{"line":64,"column":28},"end":{"line":70,"column":7}},"line":64},"11":{"name":"(anonymous_11)","decl":{"start":{"line":85,"column":21},"end":{"line":85,"column":22}},"loc":{"start":{"line":85,"column":34},"end":{"line":89,"column":1}},"line":85},"12":{"name":"(anonymous_12)","decl":{"start":{"line":97,"column":2},"end":{"line":97,"column":3}},"loc":{"start":{"line":97,"column":16},"end":{"line":101,"column":3}},"line":97},"13":{"name":"(anonymous_13)","decl":{"start":{"line":109,"column":2},"end":{"line":109,"column":3}},"loc":{"start":{"line":109,"column":35},"end":{"line":111,"column":3}},"line":109},"14":{"name":"(anonymous_14)","decl":{"start":{"line":110,"column":59},"end":{"line":110,"column":60}},"loc":{"start":{"line":110,"column":64},"end":{"line":110,"column":78}},"line":110},"15":{"name":"(anonymous_15)","decl":{"start":{"line":119,"column":2},"end":{"line":119,"column":3}},"loc":{"start":{"line":119,"column":33},"end":{"line":125,"column":3}},"line":119},"16":{"name":"(anonymous_16)","decl":{"start":{"line":131,"column":2},"end":{"line":131,"column":3}},"loc":{"start":{"line":131,"column":24},"end":{"line":135,"column":3}},"line":131},"17":{"name":"(anonymous_17)","decl":{"start":{"line":144,"column":2},"end":{"line":144,"column":3}},"loc":{"start":{"line":144,"column":29},"end":{"line":161,"column":3}},"line":144},"18":{"name":"(anonymous_18)","decl":{"start":{"line":149,"column":47},"end":{"line":149,"column":48}},"loc":{"start":{"line":149,"column":61},"end":{"line":151,"column":5}},"line":149},"19":{"name":"(anonymous_19)","decl":{"start":{"line":152,"column":35},"end":{"line":152,"column":36}},"loc":{"start":{"line":152,"column":49},"end":{"line":154,"column":5}},"line":152},"20":{"name":"(anonymous_20)","decl":{"start":{"line":155,"column":46},"end":{"line":155,"column":47}},"loc":{"start":{"line":155,"column":60},"end":{"line":157,"column":5}},"line":155},"21":{"name":"(anonymous_21)","decl":{"start":{"line":158,"column":29},"end":{"line":158,"column":30}},"loc":{"start":{"line":158,"column":43},"end":{"line":160,"column":5}},"line":158},"22":{"name":"(anonymous_22)","decl":{"start":{"line":164,"column":14},"end":{"line":164,"column":15}},"loc":{"start":{"line":164,"column":23},"end":{"line":176,"column":1}},"line":164},"23":{"name":"(anonymous_23)","decl":{"start":{"line":184,"column":14},"end":{"line":184,"column":15}},"loc":{"start":{"line":184,"column":35},"end":{"line":196,"column":1}},"line":184},"24":{"name":"(anonymous_24)","decl":{"start":{"line":186,"column":22},"end":{"line":186,"column":23}},"loc":{"start":{"line":186,"column":29},"end":{"line":186,"column":80}},"line":186},"25":{"name":"(anonymous_25)","decl":{"start":{"line":187,"column":9},"end":{"line":187,"column":10}},"loc":{"start":{"line":187,"column":22},"end":{"line":195,"column":3}},"line":187},"26":{"name":"(anonymous_26)","decl":{"start":{"line":205,"column":15},"end":{"line":205,"column":16}},"loc":{"start":{"line":205,"column":27},"end":{"line":245,"column":1}},"line":205},"27":{"name":"(anonymous_27)","decl":{"start":{"line":268,"column":2},"end":{"line":268,"column":3}},"loc":{"start":{"line":268,"column":42},"end":{"line":280,"column":3}},"line":268},"28":{"name":"(anonymous_28)","decl":{"start":{"line":273,"column":43},"end":{"line":273,"column":44}},"loc":{"start":{"line":273,"column":65},"end":{"line":276,"column":5}},"line":273},"29":{"name":"(anonymous_29)","decl":{"start":{"line":277,"column":40},"end":{"line":277,"column":41}},"loc":{"start":{"line":277,"column":55},"end":{"line":279,"column":5}},"line":277},"30":{"name":"(anonymous_30)","decl":{"start":{"line":289,"column":2},"end":{"line":289,"column":3}},"loc":{"start":{"line":289,"column":63},"end":{"line":296,"column":3}},"line":289},"31":{"name":"(anonymous_31)","decl":{"start":{"line":298,"column":2},"end":{"line":298,"column":3}},"loc":{"start":{"line":298,"column":47},"end":{"line":300,"column":3}},"line":298},"32":{"name":"(anonymous_32)","decl":{"start":{"line":302,"column":2},"end":{"line":302,"column":3}},"loc":{"start":{"line":302,"column":44},"end":{"line":304,"column":3}},"line":302},"33":{"name":"(anonymous_33)","decl":{"start":{"line":306,"column":2},"end":{"line":306,"column":3}},"loc":{"start":{"line":306,"column":17},"end":{"line":323,"column":3}},"line":306},"34":{"name":"(anonymous_34)","decl":{"start":{"line":308,"column":39},"end":{"line":308,"column":40}},"loc":{"start":{"line":308,"column":50},"end":{"line":315,"column":5}},"line":308},"35":{"name":"(anonymous_35)","decl":{"start":{"line":329,"column":2},"end":{"line":329,"column":3}},"loc":{"start":{"line":329,"column":9},"end":{"line":332,"column":3}},"line":329}},"branchMap":{"0":{"loc":{"start":{"line":12,"column":21},"end":{"line":12,"column":39}},"type":"default-arg","locations":[{"start":{"line":12,"column":31},"end":{"line":12,"column":39}}],"line":12},"1":{"loc":{"start":{"line":21,"column":22},"end":{"line":21,"column":40}},"type":"default-arg","locations":[{"start":{"line":21,"column":32},"end":{"line":21,"column":40}}],"line":21},"2":{"loc":{"start":{"line":32,"column":24},"end":{"line":33,"column":71}},"type":"binary-expr","locations":[{"start":{"line":32,"column":24},"end":{"line":32,"column":42}},{"start":{"line":33,"column":5},"end":{"line":33,"column":71}}],"line":32},"3":{"loc":{"start":{"line":33,"column":34},"end":{"line":33,"column":64}},"type":"binary-expr","locations":[{"start":{"line":33,"column":34},"end":{"line":33,"column":37}},{"start":{"line":33,"column":41},"end":{"line":33,"column":64}}],"line":33},"4":{"loc":{"start":{"line":46,"column":4},"end":{"line":52,"column":5}},"type":"if","locations":[{"start":{"line":46,"column":4},"end":{"line":52,"column":5}},{"start":{"line":46,"column":4},"end":{"line":52,"column":5}}],"line":46},"5":{"loc":{"start":{"line":48,"column":11},"end":{"line":52,"column":5}},"type":"if","locations":[{"start":{"line":48,"column":11},"end":{"line":52,"column":5}},{"start":{"line":48,"column":11},"end":{"line":52,"column":5}}],"line":48},"6":{"loc":{"start":{"line":48,"column":15},"end":{"line":48,"column":84}},"type":"binary-expr","locations":[{"start":{"line":48,"column":15},"end":{"line":48,"column":46}},{"start":{"line":48,"column":50},"end":{"line":48,"column":84}}],"line":48},"7":{"loc":{"start":{"line":49,"column":12},"end":{"line":49,"column":53}},"type":"cond-expr","locations":[{"start":{"line":49,"column":27},"end":{"line":49,"column":46}},{"start":{"line":49,"column":49},"end":{"line":49,"column":53}}],"line":49},"8":{"loc":{"start":{"line":51,"column":12},"end":{"line":51,"column":83}},"type":"cond-expr","locations":[{"start":{"line":51,"column":27},"end":{"line":51,"column":76}},{"start":{"line":51,"column":79},"end":{"line":51,"column":83}}],"line":51},"9":{"loc":{"start":{"line":62,"column":19},"end":{"line":62,"column":66}},"type":"cond-expr","locations":[{"start":{"line":62,"column":38},"end":{"line":62,"column":54}},{"start":{"line":62,"column":57},"end":{"line":62,"column":66}}],"line":62},"10":{"loc":{"start":{"line":63,"column":4},"end":{"line":73,"column":5}},"type":"if","locations":[{"start":{"line":63,"column":4},"end":{"line":73,"column":5}},{"start":{"line":63,"column":4},"end":{"line":73,"column":5}}],"line":63},"11":{"loc":{"start":{"line":65,"column":8},"end":{"line":69,"column":9}},"type":"if","locations":[{"start":{"line":65,"column":8},"end":{"line":69,"column":9}},{"start":{"line":65,"column":8},"end":{"line":69,"column":9}}],"line":65},"12":{"loc":{"start":{"line":120,"column":29},"end":{"line":120,"column":81}},"type":"cond-expr","locations":[{"start":{"line":120,"column":54},"end":{"line":120,"column":76}},{"start":{"line":120,"column":79},"end":{"line":120,"column":81}}],"line":120},"13":{"loc":{"start":{"line":121,"column":41},"end":{"line":121,"column":117}},"type":"cond-expr","locations":[{"start":{"line":121,"column":78},"end":{"line":121,"column":112}},{"start":{"line":121,"column":115},"end":{"line":121,"column":117}}],"line":121},"14":{"loc":{"start":{"line":122,"column":40},"end":{"line":122,"column":114}},"type":"cond-expr","locations":[{"start":{"line":122,"column":76},"end":{"line":122,"column":109}},{"start":{"line":122,"column":112},"end":{"line":122,"column":114}}],"line":122},"15":{"loc":{"start":{"line":145,"column":29},"end":{"line":145,"column":81}},"type":"cond-expr","locations":[{"start":{"line":145,"column":54},"end":{"line":145,"column":76}},{"start":{"line":145,"column":79},"end":{"line":145,"column":81}}],"line":145},"16":{"loc":{"start":{"line":146,"column":41},"end":{"line":146,"column":117}},"type":"cond-expr","locations":[{"start":{"line":146,"column":78},"end":{"line":146,"column":112}},{"start":{"line":146,"column":115},"end":{"line":146,"column":117}}],"line":146},"17":{"loc":{"start":{"line":147,"column":40},"end":{"line":147,"column":114}},"type":"cond-expr","locations":[{"start":{"line":147,"column":76},"end":{"line":147,"column":109}},{"start":{"line":147,"column":112},"end":{"line":147,"column":114}}],"line":147},"18":{"loc":{"start":{"line":166,"column":2},"end":{"line":168,"column":3}},"type":"if","locations":[{"start":{"line":166,"column":2},"end":{"line":168,"column":3}},{"start":{"line":166,"column":2},"end":{"line":168,"column":3}}],"line":166},"19":{"loc":{"start":{"line":186,"column":29},"end":{"line":186,"column":80}},"type":"cond-expr","locations":[{"start":{"line":186,"column":43},"end":{"line":186,"column":73}},{"start":{"line":186,"column":76},"end":{"line":186,"column":80}}],"line":186},"20":{"loc":{"start":{"line":189,"column":4},"end":{"line":193,"column":5}},"type":"if","locations":[{"start":{"line":189,"column":4},"end":{"line":193,"column":5}},{"start":{"line":189,"column":4},"end":{"line":193,"column":5}}],"line":189},"21":{"loc":{"start":{"line":189,"column":8},"end":{"line":189,"column":55}},"type":"binary-expr","locations":[{"start":{"line":189,"column":8},"end":{"line":189,"column":19}},{"start":{"line":189,"column":23},"end":{"line":189,"column":55}}],"line":189},"22":{"loc":{"start":{"line":209,"column":2},"end":{"line":211,"column":3}},"type":"if","locations":[{"start":{"line":209,"column":2},"end":{"line":211,"column":3}},{"start":{"line":209,"column":2},"end":{"line":211,"column":3}}],"line":209},"23":{"loc":{"start":{"line":218,"column":4},"end":{"line":237,"column":5}},"type":"switch","locations":[{"start":{"line":219,"column":6},"end":{"line":221,"column":14}},{"start":{"line":222,"column":6},"end":{"line":224,"column":14}},{"start":{"line":225,"column":6},"end":{"line":227,"column":14}},{"start":{"line":228,"column":6},"end":{"line":230,"column":14}},{"start":{"line":231,"column":6},"end":{"line":233,"column":14}},{"start":{"line":234,"column":6},"end":{"line":236,"column":17}}],"line":218},"24":{"loc":{"start":{"line":238,"column":4},"end":{"line":240,"column":5}},"type":"if","locations":[{"start":{"line":238,"column":4},"end":{"line":240,"column":5}},{"start":{"line":238,"column":4},"end":{"line":240,"column":5}}],"line":238},"25":{"loc":{"start":{"line":244,"column":9},"end":{"line":244,"column":74}},"type":"cond-expr","locations":[{"start":{"line":244,"column":31},"end":{"line":244,"column":68}},{"start":{"line":244,"column":71},"end":{"line":244,"column":74}}],"line":244},"26":{"loc":{"start":{"line":293,"column":23},"end":{"line":293,"column":71}},"type":"binary-expr","locations":[{"start":{"line":293,"column":23},"end":{"line":293,"column":38}},{"start":{"line":293,"column":42},"end":{"line":293,"column":71}}],"line":293},"27":{"loc":{"start":{"line":294,"column":25},"end":{"line":294,"column":77}},"type":"binary-expr","locations":[{"start":{"line":294,"column":25},"end":{"line":294,"column":42}},{"start":{"line":294,"column":46},"end":{"line":294,"column":77}}],"line":294},"28":{"loc":{"start":{"line":309,"column":6},"end":{"line":314,"column":7}},"type":"if","locations":[{"start":{"line":309,"column":6},"end":{"line":314,"column":7}},{"start":{"line":309,"column":6},"end":{"line":314,"column":7}}],"line":309},"29":{"loc":{"start":{"line":316,"column":4},"end":{"line":322,"column":5}},"type":"if","locations":[{"start":{"line":316,"column":4},"end":{"line":322,"column":5}},{"start":{"line":316,"column":4},"end":{"line":322,"column":5}}],"line":316}},"s":{"0":1,"1":2,"2":1,"3":12,"4":12,"5":1,"6":2,"7":12,"8":1,"9":16,"10":6,"11":1,"12":10,"13":10,"14":16,"15":1,"16":3,"17":15,"18":14,"19":1,"20":10,"21":10,"22":10,"23":10,"24":10,"25":10,"26":4,"27":4,"28":4,"29":4,"30":1,"31":1,"32":1,"33":0,"34":3,"35":10,"36":1,"37":1,"38":2,"39":2,"40":0,"41":0,"42":2,"43":2,"44":2,"45":2,"46":1,"47":1,"48":1,"49":3,"50":3,"51":3,"52":3,"53":0,"54":3,"55":2,"56":3,"57":0,"58":3,"59":0,"60":1,"61":9,"62":9,"63":0,"64":9,"65":9,"66":36,"67":36,"68":36,"69":9,"70":1,"71":3,"72":3,"73":6,"74":3,"75":9,"76":9,"77":6,"78":6,"79":6,"80":9,"81":1,"82":0,"83":0,"84":0,"85":0,"86":0,"87":0,"88":0,"89":0,"90":0,"91":0,"92":0,"93":0,"94":0,"95":0,"96":0,"97":0,"98":0,"99":0,"100":0,"101":0,"102":0,"103":0,"104":0,"105":0,"106":0,"107":0,"108":0,"109":0,"110":0,"111":0,"112":0,"113":0,"114":0,"115":0,"116":0,"117":0,"118":0,"119":0,"120":0,"121":0,"122":0,"123":0,"124":0,"125":0,"126":0,"127":0,"128":0,"129":0,"130":0,"131":0,"132":0,"133":0,"134":0,"135":0,"136":1},"f":{"0":2,"1":12,"2":1,"3":2,"4":16,"5":6,"6":10,"7":16,"8":3,"9":4,"10":1,"11":1,"12":2,"13":0,"14":0,"15":2,"16":1,"17":3,"18":0,"19":2,"20":0,"21":0,"22":9,"23":3,"24":6,"25":9,"26":0,"27":0,"28":0,"29":0,"30":0,"31":0,"32":0,"33":0,"34":0,"35":0},"b":{"0":[0],"1":[0],"2":[16,2],"3":[6,4],"4":[1,15],"5":[14,1],"6":[15,15],"7":[4,10],"8":[1,0],"9":[3,1],"10":[1,3],"11":[1,0],"12":[0,2],"13":[0,2],"14":[0,2],"15":[2,1],"16":[2,1],"17":[2,1],"18":[0,9],"19":[6,0],"20":[6,3],"21":[9,6],"22":[0,0],"23":[0,0,0,0,0,0],"24":[0,0],"25":[0,0],"26":[0,0],"27":[0,0],"28":[0,0],"29":[0,0]},"_coverageSchema":"43e27e138ebf9cfc5966b082cf9a028302ed4184","hash":"aac8d9c9efc10336115592c2f3f286d0c116c57c"}
}
