TN:
SF:/Users/oussamahamdaoui/Documents/noframework.js/src/index.js
FN:12,(anonymous_0)
FN:21,(anonymous_1)
FN:23,(anonymous_2)
FN:24,(anonymous_3)
FN:32,(anonymous_4)
FN:33,(anonymous_5)
FN:44,(anonymous_6)
FN:46,(anonymous_7)
FN:48,(anonymous_8)
FN:58,(anonymous_9)
FN:63,(anonymous_10)
FN:84,(anonymous_11)
FN:96,(anonymous_12)
FN:108,(anonymous_13)
FN:109,(anonymous_14)
FN:118,(anonymous_15)
FN:130,(anonymous_16)
FN:143,(anonymous_17)
FN:148,(anonymous_18)
FN:151,(anonymous_19)
FN:154,(anonymous_20)
FN:157,(anonymous_21)
FN:163,(anonymous_22)
FN:179,(anonymous_23)
FN:181,(anonymous_24)
FN:182,(anonymous_25)
FN:200,(anonymous_26)
FN:263,(anonymous_27)
FN:268,(anonymous_28)
FN:272,(anonymous_29)
FN:284,(anonymous_30)
FN:293,(anonymous_31)
FN:297,(anonymous_32)
FN:301,(anonymous_33)
FN:303,(anonymous_34)
FN:324,(anonymous_35)
FNF:36
FNH:35
FNDA:3,(anonymous_0)
FNDA:19,(anonymous_1)
FNDA:1,(anonymous_2)
FNDA:2,(anonymous_3)
FNDA:23,(anonymous_4)
FNDA:6,(anonymous_5)
FNDA:15,(anonymous_6)
FNDA:23,(anonymous_7)
FNDA:3,(anonymous_8)
FNDA:6,(anonymous_9)
FNDA:2,(anonymous_10)
FNDA:1,(anonymous_11)
FNDA:8,(anonymous_12)
FNDA:1,(anonymous_13)
FNDA:1,(anonymous_14)
FNDA:13,(anonymous_15)
FNDA:3,(anonymous_16)
FNDA:16,(anonymous_17)
FNDA:1,(anonymous_18)
FNDA:11,(anonymous_19)
FNDA:1,(anonymous_20)
FNDA:2,(anonymous_21)
FNDA:12,(anonymous_22)
FNDA:4,(anonymous_23)
FNDA:8,(anonymous_24)
FNDA:12,(anonymous_25)
FNDA:13,(anonymous_26)
FNDA:1,(anonymous_27)
FNDA:2,(anonymous_28)
FNDA:0,(anonymous_29)
FNDA:2,(anonymous_30)
FNDA:4,(anonymous_31)
FNDA:2,(anonymous_32)
FNDA:2,(anonymous_33)
FNDA:4,(anonymous_34)
FNDA:1,(anonymous_35)
DA:12,3
DA:21,1
DA:22,19
DA:23,19
DA:24,2
DA:26,19
DA:32,23
DA:33,6
DA:44,1
DA:45,15
DA:46,15
DA:47,23
DA:48,3
DA:49,22
DA:50,19
DA:52,3
DA:55,15
DA:56,15
DA:57,15
DA:58,15
DA:59,6
DA:60,6
DA:61,6
DA:62,6
DA:63,2
DA:64,2
DA:65,1
DA:67,1
DA:71,4
DA:74,15
DA:84,1
DA:85,1
DA:86,2
DA:97,8
DA:109,1
DA:119,13
DA:120,13
DA:121,13
DA:123,13
DA:131,3
DA:132,3
DA:133,3
DA:144,16
DA:145,16
DA:146,16
DA:148,16
DA:149,1
DA:151,16
DA:152,11
DA:154,16
DA:155,1
DA:157,16
DA:158,2
DA:163,1
DA:164,12
DA:165,12
DA:166,42
DA:167,42
DA:168,42
DA:170,12
DA:179,1
DA:180,4
DA:181,8
DA:182,4
DA:183,12
DA:184,12
DA:185,8
DA:186,8
DA:187,8
DA:189,12
DA:200,1
DA:201,13
DA:202,13
DA:203,13
DA:204,13
DA:205,1
DA:207,12
DA:208,12
DA:209,12
DA:210,12
DA:212,12
DA:213,55
DA:215,3
DA:216,3
DA:218,5
DA:219,5
DA:221,2
DA:222,2
DA:224,6
DA:225,6
DA:227,6
DA:228,6
DA:231,33
DA:233,22
DA:234,9
DA:236,22
DA:237,22
DA:239,12
DA:264,1
DA:265,1
DA:266,1
DA:267,1
DA:268,1
DA:269,2
DA:270,2
DA:272,1
DA:273,0
DA:285,2
DA:294,4
DA:298,2
DA:302,2
DA:303,2
DA:304,4
DA:305,1
DA:306,1
DA:307,1
DA:308,1
DA:311,2
DA:312,1
DA:313,1
DA:314,1
DA:315,1
DA:316,1
DA:325,1
DA:326,1
DA:331,1
LF:126
LH:125
BRDA:12,0,0,1
BRDA:21,1,0,2
BRDA:32,2,0,23
BRDA:32,2,1,2
BRDA:33,3,0,6
BRDA:33,3,1,4
BRDA:47,4,0,1
BRDA:47,4,1,22
BRDA:49,5,0,19
BRDA:49,5,1,3
BRDA:49,6,0,22
BRDA:49,6,1,21
BRDA:50,7,0,4
BRDA:50,7,1,15
BRDA:52,8,0,3
BRDA:52,8,1,0
BRDA:61,9,0,3
BRDA:61,9,1,3
BRDA:62,10,0,2
BRDA:62,10,1,4
BRDA:64,11,0,1
BRDA:64,11,1,1
BRDA:119,12,0,4
BRDA:119,12,1,9
BRDA:120,13,0,1
BRDA:120,13,1,12
BRDA:121,14,0,1
BRDA:121,14,1,12
BRDA:144,15,0,12
BRDA:144,15,1,4
BRDA:145,16,0,12
BRDA:145,16,1,4
BRDA:146,17,0,12
BRDA:146,17,1,4
BRDA:181,18,0,8
BRDA:181,18,1,0
BRDA:184,19,0,8
BRDA:184,19,1,4
BRDA:184,20,0,12
BRDA:184,20,1,8
BRDA:204,21,0,1
BRDA:204,21,1,12
BRDA:213,22,0,3
BRDA:213,22,1,5
BRDA:213,22,2,2
BRDA:213,22,3,6
BRDA:213,22,4,6
BRDA:213,22,5,33
BRDA:233,23,0,9
BRDA:233,23,1,13
BRDA:239,24,0,3
BRDA:239,24,1,9
BRDA:288,25,0,2
BRDA:288,25,1,2
BRDA:289,26,0,2
BRDA:289,26,1,2
BRDA:304,27,0,1
BRDA:304,27,1,3
BRDA:311,28,0,1
BRDA:311,28,1,1
BRF:60
BRH:58
end_of_record
