TN:
SF:C:\Users\gabri\Desktop\code\opensource\noframework.js\src\index.js
FNF:0
FNH:0
DA:4,1
DA:5,1
DA:6,1
DA:7,1
DA:8,1
DA:9,1
DA:10,1
DA:11,1
DA:14,1
LF:9
LH:9
BRF:0
BRH:0
end_of_record
TN:
SF:C:\Users\gabri\Desktop\code\opensource\noframework.js\src\scripts\EventManager.js
FN:6,(anonymous_0)
FN:18,(anonymous_1)
FN:19,(anonymous_2)
FN:28,(anonymous_3)
FN:40,(anonymous_4)
FN:53,(anonymous_5)
FN:58,(anonymous_6)
FN:61,(anonymous_7)
FN:64,(anonymous_8)
FN:67,(anonymous_9)
FNF:10
FNH:10
FNDA:8,(anonymous_0)
FNDA:1,(anonymous_1)
FNDA:1,(anonymous_2)
FNDA:13,(anonymous_3)
FNDA:3,(anonymous_4)
FNDA:16,(anonymous_5)
FNDA:1,(anonymous_6)
FNDA:11,(anonymous_7)
FNDA:1,(anonymous_8)
FNDA:2,(anonymous_9)
DA:7,8
DA:19,1
DA:29,13
DA:30,13
DA:31,13
DA:33,13
DA:41,3
DA:42,3
DA:43,3
DA:54,16
DA:55,16
DA:56,16
DA:58,16
DA:59,1
DA:61,16
DA:62,11
DA:64,16
DA:65,1
DA:67,16
DA:68,2
DA:73,1
LF:21
LH:21
BRDA:29,0,0,4
BRDA:29,0,1,9
BRDA:30,1,0,1
BRDA:30,1,1,12
BRDA:31,2,0,1
BRDA:31,2,1,12
BRDA:54,3,0,12
BRDA:54,3,1,4
BRDA:55,4,0,12
BRDA:55,4,1,4
BRDA:56,5,0,12
BRDA:56,5,1,4
BRF:12
BRH:12
end_of_record
TN:
SF:C:\Users\gabri\Desktop\code\opensource\noframework.js\src\scripts\Router.js
FN:24,(anonymous_0)
FN:29,(anonymous_1)
FN:33,(anonymous_2)
FN:45,(anonymous_3)
FN:54,(anonymous_4)
FN:58,(anonymous_5)
FN:62,(anonymous_6)
FN:64,(anonymous_7)
FN:85,(anonymous_8)
FNF:9
FNH:8
FNDA:1,(anonymous_0)
FNDA:2,(anonymous_1)
FNDA:0,(anonymous_2)
FNDA:2,(anonymous_3)
FNDA:4,(anonymous_4)
FNDA:2,(anonymous_5)
FNDA:2,(anonymous_6)
FNDA:4,(anonymous_7)
FNDA:1,(anonymous_8)
DA:2,1
DA:25,1
DA:26,1
DA:27,1
DA:28,1
DA:29,1
DA:30,2
DA:31,2
DA:33,1
DA:34,0
DA:46,2
DA:55,4
DA:59,2
DA:63,2
DA:64,2
DA:65,4
DA:66,1
DA:67,1
DA:68,1
DA:69,1
DA:72,2
DA:73,1
DA:74,1
DA:75,1
DA:76,1
DA:77,1
DA:86,1
DA:87,1
DA:91,1
LF:29
LH:28
BRDA:49,0,0,2
BRDA:49,0,1,2
BRDA:50,1,0,2
BRDA:50,1,1,2
BRDA:65,2,0,1
BRDA:65,2,1,3
BRDA:72,3,0,1
BRDA:72,3,1,1
BRF:8
BRH:8
end_of_record
TN:
SF:C:\Users\gabri\Desktop\code\opensource\noframework.js\src\scripts\array_selector.js
FN:10,(anonymous_0)
FN:12,(anonymous_1)
FN:13,(anonymous_2)
FNF:3
FNH:3
FNDA:19,(anonymous_0)
FNDA:1,(anonymous_1)
FNDA:2,(anonymous_2)
DA:10,1
DA:11,19
DA:12,19
DA:13,2
DA:15,19
DA:18,1
LF:6
LH:6
BRDA:10,0,0,2
BRF:1
BRH:1
end_of_record
TN:
SF:C:\Users\gabri\Desktop\code\opensource\noframework.js\src\scripts\cache.js
FN:1,(anonymous_0)
FN:18,(anonymous_1)
FN:20,(anonymous_2)
FN:21,(anonymous_3)
FNF:4
FNH:4
FNDA:12,(anonymous_0)
FNDA:4,(anonymous_1)
FNDA:8,(anonymous_2)
FNDA:12,(anonymous_3)
DA:1,1
DA:2,12
DA:3,12
DA:4,42
DA:5,42
DA:6,42
DA:8,12
DA:18,1
DA:19,4
DA:20,8
DA:21,4
DA:22,12
DA:23,12
DA:24,8
DA:25,8
DA:26,8
DA:28,12
DA:32,1
LF:18
LH:18
BRDA:20,0,0,8
BRDA:20,0,1,0
BRDA:23,1,0,8
BRDA:23,1,1,4
BRDA:23,2,0,12
BRDA:23,2,1,8
BRF:6
BRH:5
end_of_record
TN:
SF:C:\Users\gabri\Desktop\code\opensource\noframework.js\src\scripts\emptyElement.js
FN:7,(anonymous_0)
FNF:1
FNH:1
FNDA:1,(anonymous_0)
DA:7,1
DA:8,1
DA:9,2
DA:13,1
LF:4
LH:4
BRF:0
BRH:0
end_of_record
TN:
SF:C:\Users\gabri\Desktop\code\opensource\noframework.js\src\scripts\escape.js
FN:7,(anonymous_0)
FNF:1
FNH:1
FNDA:13,(anonymous_0)
DA:7,1
DA:8,13
DA:9,13
DA:10,13
DA:11,13
DA:12,1
DA:14,12
DA:15,12
DA:16,12
DA:17,12
DA:19,12
DA:20,55
DA:22,3
DA:23,3
DA:25,5
DA:26,5
DA:28,2
DA:29,2
DA:31,6
DA:32,6
DA:34,6
DA:35,6
DA:38,33
DA:40,22
DA:41,9
DA:43,22
DA:44,22
DA:46,12
DA:49,1
LF:29
LH:29
BRDA:11,0,0,1
BRDA:11,0,1,12
BRDA:20,1,0,3
BRDA:20,1,1,5
BRDA:20,1,2,2
BRDA:20,1,3,6
BRDA:20,1,4,6
BRDA:20,1,5,33
BRDA:40,2,0,9
BRDA:40,2,1,13
BRDA:46,3,0,3
BRDA:46,3,1,9
BRF:12
BRH:12
end_of_record
TN:
SF:C:\Users\gabri\Desktop\code\opensource\noframework.js\src\scripts\html.js
FN:5,(anonymous_0)
FN:6,(anonymous_1)
FN:17,(anonymous_2)
FN:19,(anonymous_3)
FN:21,(anonymous_4)
FN:31,(anonymous_5)
FN:36,(anonymous_6)
FNF:7
FNH:7
FNDA:23,(anonymous_0)
FNDA:6,(anonymous_1)
FNDA:15,(anonymous_2)
FNDA:23,(anonymous_3)
FNDA:3,(anonymous_4)
FNDA:6,(anonymous_5)
FNDA:2,(anonymous_6)
DA:2,1
DA:5,23
DA:6,6
DA:17,1
DA:18,15
DA:19,15
DA:20,23
DA:21,3
DA:22,22
DA:23,19
DA:25,3
DA:28,15
DA:29,15
DA:30,15
DA:31,15
DA:32,6
DA:33,6
DA:34,6
DA:35,6
DA:36,2
DA:37,2
DA:38,1
DA:40,1
DA:44,4
DA:47,15
DA:50,1
LF:26
LH:26
BRDA:5,0,0,23
BRDA:5,0,1,2
BRDA:6,1,0,6
BRDA:6,1,1,4
BRDA:20,2,0,1
BRDA:20,2,1,22
BRDA:22,3,0,19
BRDA:22,3,1,3
BRDA:22,4,0,22
BRDA:22,4,1,21
BRDA:23,5,0,4
BRDA:23,5,1,15
BRDA:25,6,0,3
BRDA:25,6,1,0
BRDA:34,7,0,3
BRDA:34,7,1,3
BRDA:35,8,0,2
BRDA:35,8,1,4
BRDA:37,9,0,1
BRDA:37,9,1,1
BRF:20
BRH:19
end_of_record
TN:
SF:C:\Users\gabri\Desktop\code\opensource\noframework.js\src\scripts\selector.js
FN:9,(anonymous_0)
FNF:1
FNH:1
FNDA:3,(anonymous_0)
DA:9,3
DA:11,1
LF:2
LH:2
BRDA:9,0,0,1
BRF:1
BRH:1
end_of_record
